Target: /Users/ankberi/Documents/apex/event-mangement/8-appendix
Mode: both

=== Markdown Fix ===
Processing: 8-appendix.md
  FIXED: Added '## Acknowledgements' section at end of file (update with your details)
  FIXED: Added 'Estimated Time:' placeholder (update with actual time)
  FIXED: Added '## Introduction' section before first Task (update with actual content)
  FIXED: Fixed indentation (3 lines) inside numbered steps

================================================
Summary
================================================
Auto-fixes applied : 4
Manual fixes needed: 0
All fixable issues resolved. Run the validator to confirm.
=== Image Optimization ===
Found 16 images. Processing with 4 parallel jobs...

Resizing: /Users/ankberi/Documents/apex/event-mangement/8-appendix/images/oci-gen-ai.png (3016x596 -> max 1280px)
Resizing: /Users/ankberi/Documents/apex/event-mangement/8-appendix/images/wksp-util.png (3016x670 -> max 1280px)
Resizing: /Users/ankberi/Documents/apex/event-mangement/8-appendix/images/gen-ai.png (3016x1332 -> max 1280px)
Resizing: /Users/ankberi/Documents/apex/event-mangement/8-appendix/images/comp-id.png (3016x1286 -> max 1280px)
  Saved: 0.11 MB (111586 bytes)
Resizing: /Users/ankberi/Documents/apex/event-mangement/8-appendix/images/app-import.png (3016x1202 -> max 1280px)
  Saved: 0.12 MB (127648 bytes)
Resizing: /Users/ankberi/Documents/apex/event-mangement/8-appendix/images/app-build-icon.png (3016x670 -> max 1280px)
  Saved: 0.12 MB (124441 bytes)
Resizing: /Users/ankberi/Documents/apex/event-mangement/8-appendix/images/run.png (3016x702 -> max 1280px)
  Saved: 0.19 MB (202517 bytes)
Resizing: /Users/ankberi/Documents/apex/event-mangement/8-appendix/images/web-creds.png (3016x1332 -> max 1280px)
  Saved: 0.16 MB (163738 bytes)
Resizing: /Users/ankberi/Documents/apex/event-mangement/8-appendix/images/apex-ai-cred.png (3016x1184 -> max 1280px)
  Saved: 0.21 MB (223308 bytes)
Resizing: /Users/ankberi/Documents/apex/event-mangement/8-appendix/images/sc-web-creds.png (3016x1344 -> max 1280px)
  Saved: 0.11 MB (120318 bytes)
Resizing: /Users/ankberi/Documents/apex/event-mangement/8-appendix/images/app-builder1.png (3016x1656 -> max 1280px)
  Saved: 0.19 MB (200594 bytes)
  Saved: 0.19 MB (196554 bytes)
Resizing: /Users/ankberi/Documents/apex/event-mangement/8-appendix/images/install-supp-objects.png (3016x1656 -> max 1280px)
Resizing: /Users/ankberi/Documents/apex/event-mangement/8-appendix/images/app-installed.png (3016x1656 -> max 1280px)
  Saved: 0.15 MB (155863 bytes)
Resizing: /Users/ankberi/Documents/apex/event-mangement/8-appendix/images/cred-next.png (3016x1656 -> max 1280px)
  Saved: 0.21 MB (224096 bytes)
Resizing: /Users/ankberi/Documents/apex/event-mangement/8-appendix/images/install-app.png (3016x1658 -> max 1280px)
  Saved: 0.14 MB (145700 bytes)
Resizing: /Users/ankberi/Documents/apex/event-mangement/8-appendix/images/drag-zip.png (3016x1438 -> max 1280px)
  Saved: 0.15 MB (156546 bytes)
  Saved: 0.13 MB (141515 bytes)
  Saved: 0.20 MB (209464 bytes)
  Saved: 0.12 MB (124115 bytes)

================ Summary ================
Resized:     16
Optimized:   0
Skipped:     0
Failed:      0
Before:      4.02 MB
After:       1.52 MB
Saved:       2.51 MB
=========================================

Done.
